{"/Users/luisribeiro/Desktop/gui/projects/asset-allocator/server/src/allocation/allocation.resolver.ts": {"path":"/Users/luisribeiro/Desktop/gui/projects/asset-allocator/server/src/allocation/allocation.resolver.ts","statementMap":{"0":{"start":{"line":1,"column":0},"end":{"line":1,"column":null}},"1":{"start":{"line":9,"column":0},"end":{"line":9,"column":52}},"2":{"start":{"line":10,"column":0},"end":{"line":10,"column":49}},"3":{"start":{"line":11,"column":0},"end":{"line":11,"column":57}},"4":{"start":{"line":12,"column":0},"end":{"line":12,"column":null}},"5":{"start":{"line":23,"column":7},"end":{"line":101,"column":null}},"6":{"start":{"line":28,"column":22},"end":{"line":28,"column":41}},"7":{"start":{"line":39,"column":4},"end":{"line":39,"column":74}},"8":{"start":{"line":51,"column":4},"end":{"line":51,"column":70}},"9":{"start":{"line":63,"column":4},"end":{"line":63,"column":74}},"10":{"start":{"line":75,"column":4},"end":{"line":75,"column":74}},"11":{"start":{"line":87,"column":4},"end":{"line":89,"column":6}},"12":{"start":{"line":99,"column":4},"end":{"line":99,"column":69}},"13":{"start":{"line":35,"column":2},"end":{"line":40,"column":null}},"14":{"start":{"line":35,"column":18},"end":{"line":35,"column":28}},"15":{"start":{"line":47,"column":2},"end":{"line":52,"column":null}},"16":{"start":{"line":47,"column":15},"end":{"line":47,"column":27}},"17":{"start":{"line":59,"column":2},"end":{"line":64,"column":null}},"18":{"start":{"line":59,"column":18},"end":{"line":59,"column":28}},"19":{"start":{"line":71,"column":2},"end":{"line":76,"column":null}},"20":{"start":{"line":71,"column":18},"end":{"line":71,"column":25}},"21":{"start":{"line":83,"column":2},"end":{"line":90,"column":null}},"22":{"start":{"line":83,"column":15},"end":{"line":83,"column":21}},"23":{"start":{"line":97,"column":2},"end":{"line":100,"column":null}},"24":{"start":{"line":97,"column":22},"end":{"line":97,"column":30}},"25":{"start":{"line":23,"column":13},"end":{"line":101,"column":null}},"26":{"start":{"line":22,"column":16},"end":{"line":22,"column":26}},"27":{"start":{"line":23,"column":13},"end":{"line":23,"column":31}}},"fnMap":{"0":{"name":"(anonymous_4)","decl":{"start":{"line":28,"column":2},"end":{"line":28,"column":22}},"loc":{"start":{"line":28,"column":58},"end":{"line":28,"column":62}}},"1":{"name":"(anonymous_5)","decl":{"start":{"line":36,"column":2},"end":{"line":36,"column":18}},"loc":{"start":{"line":37,"column":79},"end":{"line":40,"column":3}}},"2":{"name":"(anonymous_6)","decl":{"start":{"line":48,"column":2},"end":{"line":48,"column":13}},"loc":{"start":{"line":49,"column":73},"end":{"line":52,"column":3}}},"3":{"name":"(anonymous_7)","decl":{"start":{"line":60,"column":2},"end":{"line":60,"column":18}},"loc":{"start":{"line":61,"column":79},"end":{"line":64,"column":3}}},"4":{"name":"(anonymous_8)","decl":{"start":{"line":72,"column":2},"end":{"line":72,"column":18}},"loc":{"start":{"line":73,"column":79},"end":{"line":76,"column":3}}},"5":{"name":"(anonymous_9)","decl":{"start":{"line":84,"column":2},"end":{"line":84,"column":24}},"loc":{"start":{"line":85,"column":73},"end":{"line":90,"column":3}}},"6":{"name":"(anonymous_10)","decl":{"start":{"line":98,"column":2},"end":{"line":98,"column":10}},"loc":{"start":{"line":98,"column":43},"end":{"line":100,"column":3}}},"7":{"name":"(anonymous_11)","decl":{"start":{"line":35,"column":12},"end":{"line":35,"column":15}},"loc":{"start":{"line":35,"column":18},"end":{"line":35,"column":28}}},"8":{"name":"(anonymous_12)","decl":{"start":{"line":47,"column":9},"end":{"line":47,"column":12}},"loc":{"start":{"line":47,"column":15},"end":{"line":47,"column":27}}},"9":{"name":"(anonymous_13)","decl":{"start":{"line":59,"column":12},"end":{"line":59,"column":15}},"loc":{"start":{"line":59,"column":18},"end":{"line":59,"column":28}}},"10":{"name":"(anonymous_14)","decl":{"start":{"line":71,"column":12},"end":{"line":71,"column":15}},"loc":{"start":{"line":71,"column":18},"end":{"line":71,"column":25}}},"11":{"name":"(anonymous_15)","decl":{"start":{"line":83,"column":9},"end":{"line":83,"column":12}},"loc":{"start":{"line":83,"column":15},"end":{"line":83,"column":21}}},"12":{"name":"(anonymous_16)","decl":{"start":{"line":97,"column":16},"end":{"line":97,"column":19}},"loc":{"start":{"line":97,"column":22},"end":{"line":97,"column":30}}},"13":{"name":"(anonymous_17)","decl":{"start":{"line":22,"column":10},"end":{"line":22,"column":13}},"loc":{"start":{"line":22,"column":16},"end":{"line":22,"column":26}}}},"branchMap":{},"s":{"0":1,"1":1,"2":1,"3":1,"4":1,"5":1,"6":6,"7":1,"8":1,"9":1,"10":1,"11":1,"12":1,"13":1,"14":0,"15":1,"16":0,"17":1,"18":0,"19":1,"20":0,"21":1,"22":0,"23":1,"24":0,"25":1,"26":2,"27":1},"f":{"0":6,"1":1,"2":1,"3":1,"4":1,"5":1,"6":1,"7":0,"8":0,"9":0,"10":0,"11":0,"12":0,"13":2},"b":{}}
,"/Users/luisribeiro/Desktop/gui/projects/asset-allocator/server/src/allocation/allocation.service.ts": {"path":"/Users/luisribeiro/Desktop/gui/projects/asset-allocator/server/src/allocation/allocation.service.ts","statementMap":{"0":{"start":{"line":1,"column":0},"end":{"line":1,"column":72}},"1":{"start":{"line":12,"column":0},"end":{"line":12,"column":63}},"2":{"start":{"line":13,"column":0},"end":{"line":13,"column":56}},"3":{"start":{"line":14,"column":0},"end":{"line":14,"column":60}},"4":{"start":{"line":21,"column":7},"end":{"line":250,"column":null}},"5":{"start":{"line":30,"column":12},"end":{"line":30,"column":34}},"6":{"start":{"line":32,"column":12},"end":{"line":32,"column":29}},"7":{"start":{"line":34,"column":4},"end":{"line":34,"column":31}},"8":{"start":{"line":45,"column":27},"end":{"line":47,"column":6}},"9":{"start":{"line":49,"column":4},"end":{"line":52,"column":8}},"10":{"start":{"line":50,"column":6},"end":{"line":52,"column":8}},"11":{"start":{"line":54,"column":33},"end":{"line":54,"column":77}},"12":{"start":{"line":56,"column":4},"end":{"line":59,"column":8}},"13":{"start":{"line":57,"column":6},"end":{"line":59,"column":8}},"14":{"start":{"line":63,"column":4},"end":{"line":70,"column":null}},"15":{"start":{"line":64,"column":6},"end":{"line":64,"column":75}},"16":{"start":{"line":66,"column":6},"end":{"line":66,"column":27}},"17":{"start":{"line":67,"column":6},"end":{"line":69,"column":8}},"18":{"start":{"line":72,"column":4},"end":{"line":79,"column":null}},"19":{"start":{"line":73,"column":6},"end":{"line":73,"column":56}},"20":{"start":{"line":75,"column":6},"end":{"line":75,"column":27}},"21":{"start":{"line":76,"column":6},"end":{"line":78,"column":8}},"22":{"start":{"line":90,"column":4},"end":{"line":97,"column":null}},"23":{"start":{"line":91,"column":6},"end":{"line":91,"column":65}},"24":{"start":{"line":93,"column":6},"end":{"line":93,"column":27}},"25":{"start":{"line":94,"column":6},"end":{"line":96,"column":8}},"26":{"start":{"line":108,"column":4},"end":{"line":115,"column":null}},"27":{"start":{"line":109,"column":6},"end":{"line":109,"column":67}},"28":{"start":{"line":111,"column":6},"end":{"line":111,"column":27}},"29":{"start":{"line":112,"column":6},"end":{"line":114,"column":8}},"30":{"start":{"line":126,"column":27},"end":{"line":128,"column":6}},"31":{"start":{"line":130,"column":4},"end":{"line":133,"column":8}},"32":{"start":{"line":131,"column":6},"end":{"line":133,"column":8}},"33":{"start":{"line":135,"column":29},"end":{"line":138,"column":6}},"34":{"start":{"line":140,"column":4},"end":{"line":143,"column":8}},"35":{"start":{"line":141,"column":6},"end":{"line":143,"column":8}},"36":{"start":{"line":145,"column":4},"end":{"line":152,"column":null}},"37":{"start":{"line":146,"column":6},"end":{"line":146,"column":68}},"38":{"start":{"line":148,"column":6},"end":{"line":148,"column":27}},"39":{"start":{"line":149,"column":6},"end":{"line":151,"column":8}},"40":{"start":{"line":154,"column":4},"end":{"line":154,"column":53}},"41":{"start":{"line":165,"column":27},"end":{"line":167,"column":6}},"42":{"start":{"line":169,"column":4},"end":{"line":172,"column":8}},"43":{"start":{"line":170,"column":6},"end":{"line":172,"column":8}},"44":{"start":{"line":174,"column":29},"end":{"line":174,"column":79}},"45":{"start":{"line":176,"column":4},"end":{"line":179,"column":8}},"46":{"start":{"line":177,"column":6},"end":{"line":179,"column":8}},"47":{"start":{"line":181,"column":4},"end":{"line":189,"column":null}},"48":{"start":{"line":182,"column":6},"end":{"line":182,"column":68}},"49":{"start":{"line":183,"column":6},"end":{"line":183,"column":18}},"50":{"start":{"line":185,"column":6},"end":{"line":185,"column":27}},"51":{"start":{"line":186,"column":6},"end":{"line":188,"column":8}},"52":{"start":{"line":200,"column":24},"end":{"line":200,"column":70}},"53":{"start":{"line":201,"column":14},"end":{"line":201,"column":15}},"54":{"start":{"line":203,"column":4},"end":{"line":205,"column":7}},"55":{"start":{"line":204,"column":6},"end":{"line":204,"column":22}},"56":{"start":{"line":207,"column":4},"end":{"line":207,"column":15}},"57":{"start":{"line":218,"column":24},"end":{"line":219,"column":null}},"58":{"start":{"line":221,"column":4},"end":{"line":221,"column":44}},"59":{"start":{"line":221,"column":32},"end":{"line":221,"column":44}},"60":{"start":{"line":222,"column":4},"end":{"line":222,"column":17}},"61":{"start":{"line":233,"column":24},"end":{"line":234,"column":null}},"62":{"start":{"line":236,"column":4},"end":{"line":236,"column":44}},"63":{"start":{"line":236,"column":32},"end":{"line":236,"column":44}},"64":{"start":{"line":237,"column":4},"end":{"line":237,"column":17}},"65":{"start":{"line":246,"column":4},"end":{"line":248,"column":7}},"66":{"start":{"line":21,"column":13},"end":{"line":250,"column":null}},"67":{"start":{"line":31,"column":29},"end":{"line":31,"column":44}},"68":{"start":{"line":21,"column":13},"end":{"line":21,"column":30}}},"fnMap":{"0":{"name":"(anonymous_4)","decl":{"start":{"line":28,"column":2},"end":{"line":28,"column":null}},"loc":{"start":{"line":32,"column":44},"end":{"line":35,"column":3}}},"1":{"name":"(anonymous_5)","decl":{"start":{"line":42,"column":2},"end":{"line":42,"column":7}},"loc":{"start":{"line":43,"column":48},"end":{"line":80,"column":3}}},"2":{"name":"(anonymous_6)","decl":{"start":{"line":87,"column":2},"end":{"line":87,"column":7}},"loc":{"start":{"line":88,"column":44},"end":{"line":98,"column":3}}},"3":{"name":"(anonymous_7)","decl":{"start":{"line":105,"column":2},"end":{"line":105,"column":7}},"loc":{"start":{"line":106,"column":42},"end":{"line":116,"column":3}}},"4":{"name":"(anonymous_8)","decl":{"start":{"line":123,"column":2},"end":{"line":123,"column":7}},"loc":{"start":{"line":124,"column":48},"end":{"line":155,"column":3}}},"5":{"name":"(anonymous_9)","decl":{"start":{"line":162,"column":2},"end":{"line":162,"column":7}},"loc":{"start":{"line":163,"column":48},"end":{"line":190,"column":3}}},"6":{"name":"(anonymous_10)","decl":{"start":{"line":197,"column":2},"end":{"line":197,"column":7}},"loc":{"start":{"line":198,"column":44},"end":{"line":208,"column":3}}},"7":{"name":"(anonymous_11)","decl":{"start":{"line":203,"column":24},"end":{"line":203,"column":25}},"loc":{"start":{"line":203,"column":30},"end":{"line":205,"column":5}}},"8":{"name":"(anonymous_12)","decl":{"start":{"line":215,"column":2},"end":{"line":215,"column":7}},"loc":{"start":{"line":216,"column":48},"end":{"line":223,"column":3}}},"9":{"name":"(anonymous_13)","decl":{"start":{"line":230,"column":2},"end":{"line":230,"column":7}},"loc":{"start":{"line":231,"column":56},"end":{"line":238,"column":3}}},"10":{"name":"(anonymous_14)","decl":{"start":{"line":245,"column":2},"end":{"line":245,"column":7}},"loc":{"start":{"line":245,"column":38},"end":{"line":249,"column":3}}},"11":{"name":"(anonymous_15)","decl":{"start":{"line":31,"column":23},"end":{"line":31,"column":26}},"loc":{"start":{"line":31,"column":29},"end":{"line":31,"column":44}}}},"branchMap":{"0":{"loc":{"start":{"line":49,"column":4},"end":{"line":52,"column":8}},"type":"if","locations":[{"start":{"line":49,"column":4},"end":{"line":52,"column":8}}]},"1":{"loc":{"start":{"line":56,"column":4},"end":{"line":59,"column":8}},"type":"if","locations":[{"start":{"line":56,"column":4},"end":{"line":59,"column":8}}]},"2":{"loc":{"start":{"line":130,"column":4},"end":{"line":133,"column":8}},"type":"if","locations":[{"start":{"line":130,"column":4},"end":{"line":133,"column":8}}]},"3":{"loc":{"start":{"line":140,"column":4},"end":{"line":143,"column":8}},"type":"if","locations":[{"start":{"line":140,"column":4},"end":{"line":143,"column":8}}]},"4":{"loc":{"start":{"line":169,"column":4},"end":{"line":172,"column":8}},"type":"if","locations":[{"start":{"line":169,"column":4},"end":{"line":172,"column":8}}]},"5":{"loc":{"start":{"line":176,"column":4},"end":{"line":179,"column":8}},"type":"if","locations":[{"start":{"line":176,"column":4},"end":{"line":179,"column":8}}]},"6":{"loc":{"start":{"line":221,"column":4},"end":{"line":221,"column":44}},"type":"if","locations":[{"start":{"line":221,"column":4},"end":{"line":221,"column":44}}]},"7":{"loc":{"start":{"line":236,"column":4},"end":{"line":236,"column":44}},"type":"if","locations":[{"start":{"line":236,"column":4},"end":{"line":236,"column":44}}]}},"s":{"0":4,"1":4,"2":4,"3":4,"4":4,"5":24,"6":24,"7":24,"8":5,"9":5,"10":1,"11":4,"12":4,"13":1,"14":3,"15":3,"16":1,"17":1,"18":2,"19":2,"20":1,"21":1,"22":2,"23":2,"24":1,"25":1,"26":2,"27":2,"28":1,"29":1,"30":4,"31":4,"32":1,"33":3,"34":3,"35":1,"36":2,"37":2,"38":1,"39":1,"40":1,"41":4,"42":4,"43":1,"44":3,"45":3,"46":1,"47":2,"48":2,"49":1,"50":1,"51":1,"52":1,"53":1,"54":1,"55":2,"56":1,"57":2,"58":2,"59":1,"60":1,"61":3,"62":3,"63":1,"64":2,"65":1,"66":4,"67":72,"68":4},"f":{"0":24,"1":5,"2":2,"3":2,"4":4,"5":4,"6":1,"7":2,"8":2,"9":3,"10":1,"11":72},"b":{"0":[1],"1":[1],"2":[1],"3":[1],"4":[1],"5":[1],"6":[1],"7":[1]}}
,"/Users/luisribeiro/Desktop/gui/projects/asset-allocator/server/src/customer/customer.resolver.ts": {"path":"/Users/luisribeiro/Desktop/gui/projects/asset-allocator/server/src/customer/customer.resolver.ts","statementMap":{"0":{"start":{"line":1,"column":0},"end":{"line":1,"column":null}},"1":{"start":{"line":9,"column":0},"end":{"line":9,"column":58}},"2":{"start":{"line":10,"column":0},"end":{"line":10,"column":56}},"3":{"start":{"line":11,"column":0},"end":{"line":11,"column":45}},"4":{"start":{"line":12,"column":0},"end":{"line":12,"column":53}},"5":{"start":{"line":13,"column":0},"end":{"line":13,"column":75}},"6":{"start":{"line":19,"column":7},"end":{"line":73,"column":null}},"7":{"start":{"line":24,"column":22},"end":{"line":24,"column":39}},"8":{"start":{"line":35,"column":4},"end":{"line":35,"column":68}},"9":{"start":{"line":44,"column":4},"end":{"line":44,"column":50}},"10":{"start":{"line":56,"column":21},"end":{"line":56,"column":77}},"11":{"start":{"line":57,"column":4},"end":{"line":60,"column":8}},"12":{"start":{"line":58,"column":6},"end":{"line":60,"column":8}},"13":{"start":{"line":61,"column":4},"end":{"line":61,"column":20}},"14":{"start":{"line":71,"column":4},"end":{"line":71,"column":60}},"15":{"start":{"line":31,"column":2},"end":{"line":36,"column":null}},"16":{"start":{"line":31,"column":18},"end":{"line":31,"column":26}},"17":{"start":{"line":42,"column":2},"end":{"line":45,"column":null}},"18":{"start":{"line":42,"column":15},"end":{"line":42,"column":25}},"19":{"start":{"line":53,"column":8},"end":{"line":62,"column":null}},"20":{"start":{"line":52,"column":15},"end":{"line":52,"column":23}},"21":{"start":{"line":70,"column":8},"end":{"line":72,"column":null}},"22":{"start":{"line":69,"column":22},"end":{"line":69,"column":34}},"23":{"start":{"line":19,"column":13},"end":{"line":73,"column":null}},"24":{"start":{"line":18,"column":16},"end":{"line":18,"column":24}},"25":{"start":{"line":19,"column":13},"end":{"line":19,"column":29}}},"fnMap":{"0":{"name":"(anonymous_4)","decl":{"start":{"line":24,"column":2},"end":{"line":24,"column":22}},"loc":{"start":{"line":24,"column":54},"end":{"line":24,"column":58}}},"1":{"name":"(anonymous_5)","decl":{"start":{"line":32,"column":2},"end":{"line":32,"column":16}},"loc":{"start":{"line":33,"column":73},"end":{"line":36,"column":3}}},"2":{"name":"(anonymous_6)","decl":{"start":{"line":43,"column":2},"end":{"line":43,"column":11}},"loc":{"start":{"line":43,"column":11},"end":{"line":45,"column":3}}},"3":{"name":"(anonymous_7)","decl":{"start":{"line":53,"column":2},"end":{"line":53,"column":7}},"loc":{"start":{"line":54,"column":64},"end":{"line":62,"column":3}}},"4":{"name":"(anonymous_8)","decl":{"start":{"line":70,"column":2},"end":{"line":70,"column":7}},"loc":{"start":{"line":70,"column":48},"end":{"line":72,"column":3}}},"5":{"name":"(anonymous_9)","decl":{"start":{"line":31,"column":12},"end":{"line":31,"column":15}},"loc":{"start":{"line":31,"column":18},"end":{"line":31,"column":26}}},"6":{"name":"(anonymous_10)","decl":{"start":{"line":42,"column":9},"end":{"line":42,"column":12}},"loc":{"start":{"line":42,"column":15},"end":{"line":42,"column":25}}},"7":{"name":"(anonymous_11)","decl":{"start":{"line":52,"column":9},"end":{"line":52,"column":12}},"loc":{"start":{"line":52,"column":15},"end":{"line":52,"column":23}}},"8":{"name":"(anonymous_12)","decl":{"start":{"line":69,"column":16},"end":{"line":69,"column":19}},"loc":{"start":{"line":69,"column":22},"end":{"line":69,"column":34}}},"9":{"name":"(anonymous_13)","decl":{"start":{"line":18,"column":10},"end":{"line":18,"column":13}},"loc":{"start":{"line":18,"column":16},"end":{"line":18,"column":24}}}},"branchMap":{"0":{"loc":{"start":{"line":57,"column":4},"end":{"line":60,"column":8}},"type":"if","locations":[{"start":{"line":57,"column":4},"end":{"line":60,"column":8}}]}},"s":{"0":1,"1":1,"2":1,"3":1,"4":1,"5":1,"6":1,"7":6,"8":1,"9":1,"10":2,"11":2,"12":1,"13":1,"14":1,"15":1,"16":0,"17":1,"18":0,"19":1,"20":0,"21":1,"22":0,"23":1,"24":2,"25":1},"f":{"0":6,"1":1,"2":1,"3":2,"4":1,"5":0,"6":0,"7":0,"8":0,"9":2},"b":{"0":[1]}}
,"/Users/luisribeiro/Desktop/gui/projects/asset-allocator/server/src/customer/customer.service.ts": {"path":"/Users/luisribeiro/Desktop/gui/projects/asset-allocator/server/src/customer/customer.service.ts","statementMap":{"0":{"start":{"line":1,"column":0},"end":{"line":1,"column":72}},"1":{"start":{"line":8,"column":0},"end":{"line":8,"column":59}},"2":{"start":{"line":9,"column":0},"end":{"line":9,"column":56}},"3":{"start":{"line":11,"column":0},"end":{"line":11,"column":66}},"4":{"start":{"line":17,"column":7},"end":{"line":137,"column":null}},"5":{"start":{"line":26,"column":12},"end":{"line":26,"column":32}},"6":{"start":{"line":28,"column":12},"end":{"line":28,"column":31}},"7":{"start":{"line":30,"column":4},"end":{"line":30,"column":31}},"8":{"start":{"line":41,"column":27},"end":{"line":41,"column":73}},"9":{"start":{"line":42,"column":4},"end":{"line":45,"column":8}},"10":{"start":{"line":43,"column":6},"end":{"line":45,"column":8}},"11":{"start":{"line":49,"column":4},"end":{"line":56,"column":null}},"12":{"start":{"line":50,"column":6},"end":{"line":50,"column":69}},"13":{"start":{"line":52,"column":6},"end":{"line":52,"column":27}},"14":{"start":{"line":53,"column":6},"end":{"line":55,"column":8}},"15":{"start":{"line":58,"column":4},"end":{"line":65,"column":null}},"16":{"start":{"line":59,"column":6},"end":{"line":59,"column":52}},"17":{"start":{"line":61,"column":6},"end":{"line":61,"column":27}},"18":{"start":{"line":62,"column":6},"end":{"line":64,"column":8}},"19":{"start":{"line":73,"column":4},"end":{"line":78,"column":null}},"20":{"start":{"line":74,"column":6},"end":{"line":74,"column":47}},"21":{"start":{"line":76,"column":6},"end":{"line":76,"column":27}},"22":{"start":{"line":77,"column":6},"end":{"line":77,"column":80}},"23":{"start":{"line":89,"column":4},"end":{"line":96,"column":null}},"24":{"start":{"line":90,"column":6},"end":{"line":90,"column":70}},"25":{"start":{"line":92,"column":6},"end":{"line":92,"column":27}},"26":{"start":{"line":93,"column":6},"end":{"line":95,"column":8}},"27":{"start":{"line":98,"column":4},"end":{"line":98,"column":20}},"28":{"start":{"line":107,"column":21},"end":{"line":107,"column":73}},"29":{"start":{"line":108,"column":4},"end":{"line":108,"column":30}},"30":{"start":{"line":108,"column":18},"end":{"line":108,"column":30}},"31":{"start":{"line":109,"column":4},"end":{"line":109,"column":17}},"32":{"start":{"line":120,"column":21},"end":{"line":121,"column":null}},"33":{"start":{"line":123,"column":4},"end":{"line":123,"column":30}},"34":{"start":{"line":123,"column":18},"end":{"line":123,"column":30}},"35":{"start":{"line":124,"column":4},"end":{"line":124,"column":17}},"36":{"start":{"line":133,"column":4},"end":{"line":135,"column":7}},"37":{"start":{"line":17,"column":13},"end":{"line":137,"column":null}},"38":{"start":{"line":27,"column":29},"end":{"line":27,"column":46}},"39":{"start":{"line":17,"column":13},"end":{"line":17,"column":28}}},"fnMap":{"0":{"name":"(anonymous_4)","decl":{"start":{"line":24,"column":2},"end":{"line":24,"column":null}},"loc":{"start":{"line":28,"column":48},"end":{"line":31,"column":3}}},"1":{"name":"(anonymous_5)","decl":{"start":{"line":38,"column":2},"end":{"line":38,"column":7}},"loc":{"start":{"line":39,"column":44},"end":{"line":66,"column":3}}},"2":{"name":"(anonymous_6)","decl":{"start":{"line":72,"column":2},"end":{"line":72,"column":7}},"loc":{"start":{"line":72,"column":23},"end":{"line":79,"column":3}}},"3":{"name":"(anonymous_7)","decl":{"start":{"line":86,"column":2},"end":{"line":86,"column":7}},"loc":{"start":{"line":86,"column":54},"end":{"line":99,"column":3}}},"4":{"name":"(anonymous_8)","decl":{"start":{"line":106,"column":2},"end":{"line":106,"column":7}},"loc":{"start":{"line":106,"column":57},"end":{"line":110,"column":3}}},"5":{"name":"(anonymous_9)","decl":{"start":{"line":117,"column":2},"end":{"line":117,"column":7}},"loc":{"start":{"line":118,"column":58},"end":{"line":125,"column":3}}},"6":{"name":"(anonymous_10)","decl":{"start":{"line":132,"column":2},"end":{"line":132,"column":7}},"loc":{"start":{"line":132,"column":41},"end":{"line":136,"column":3}}},"7":{"name":"(anonymous_11)","decl":{"start":{"line":27,"column":23},"end":{"line":27,"column":26}},"loc":{"start":{"line":27,"column":29},"end":{"line":27,"column":46}}}},"branchMap":{"0":{"loc":{"start":{"line":42,"column":4},"end":{"line":45,"column":8}},"type":"if","locations":[{"start":{"line":42,"column":4},"end":{"line":45,"column":8}}]},"1":{"loc":{"start":{"line":108,"column":4},"end":{"line":108,"column":30}},"type":"if","locations":[{"start":{"line":108,"column":4},"end":{"line":108,"column":30}}]},"2":{"loc":{"start":{"line":123,"column":4},"end":{"line":123,"column":30}},"type":"if","locations":[{"start":{"line":123,"column":4},"end":{"line":123,"column":30}}]}},"s":{"0":4,"1":4,"2":4,"3":4,"4":4,"5":14,"6":14,"7":14,"8":4,"9":4,"10":1,"11":3,"12":3,"13":1,"14":1,"15":2,"16":2,"17":1,"18":1,"19":2,"20":2,"21":1,"22":1,"23":2,"24":2,"25":1,"26":1,"27":1,"28":2,"29":2,"30":1,"31":1,"32":2,"33":2,"34":1,"35":1,"36":1,"37":4,"38":42,"39":4},"f":{"0":14,"1":4,"2":2,"3":2,"4":2,"5":2,"6":1,"7":42},"b":{"0":[1],"1":[1],"2":[1]}}
}
