TN:
SF:src/allocation/allocation.resolver.ts
FN:28,(anonymous_4)
FN:36,(anonymous_5)
FN:48,(anonymous_6)
FN:60,(anonymous_7)
FN:72,(anonymous_8)
FN:84,(anonymous_9)
FN:98,(anonymous_10)
FN:35,(anonymous_11)
FN:47,(anonymous_12)
FN:59,(anonymous_13)
FN:71,(anonymous_14)
FN:83,(anonymous_15)
FN:97,(anonymous_16)
FN:22,(anonymous_17)
FNF:14
FNH:8
FNDA:6,(anonymous_4)
FNDA:1,(anonymous_5)
FNDA:1,(anonymous_6)
FNDA:1,(anonymous_7)
FNDA:1,(anonymous_8)
FNDA:1,(anonymous_9)
FNDA:1,(anonymous_10)
FNDA:0,(anonymous_11)
FNDA:0,(anonymous_12)
FNDA:0,(anonymous_13)
FNDA:0,(anonymous_14)
FNDA:0,(anonymous_15)
FNDA:0,(anonymous_16)
FNDA:2,(anonymous_17)
DA:1,1
DA:9,1
DA:10,1
DA:11,1
DA:12,1
DA:22,2
DA:23,1
DA:28,6
DA:35,1
DA:39,1
DA:47,1
DA:51,1
DA:59,1
DA:63,1
DA:71,1
DA:75,1
DA:83,1
DA:87,1
DA:97,1
DA:99,1
LF:20
LH:20
BRF:0
BRH:0
end_of_record
TN:
SF:src/allocation/allocation.service.ts
FN:28,(anonymous_4)
FN:42,(anonymous_5)
FN:87,(anonymous_6)
FN:105,(anonymous_7)
FN:123,(anonymous_8)
FN:162,(anonymous_9)
FN:197,(anonymous_10)
FN:203,(anonymous_11)
FN:215,(anonymous_12)
FN:230,(anonymous_13)
FN:245,(anonymous_14)
FN:31,(anonymous_15)
FNF:12
FNH:12
FNDA:24,(anonymous_4)
FNDA:5,(anonymous_5)
FNDA:2,(anonymous_6)
FNDA:2,(anonymous_7)
FNDA:4,(anonymous_8)
FNDA:4,(anonymous_9)
FNDA:1,(anonymous_10)
FNDA:2,(anonymous_11)
FNDA:2,(anonymous_12)
FNDA:3,(anonymous_13)
FNDA:1,(anonymous_14)
FNDA:72,(anonymous_15)
DA:1,4
DA:12,4
DA:13,4
DA:14,4
DA:21,4
DA:30,24
DA:31,72
DA:32,24
DA:34,24
DA:45,5
DA:49,5
DA:50,1
DA:54,4
DA:56,4
DA:57,1
DA:63,3
DA:64,3
DA:66,1
DA:67,1
DA:72,2
DA:73,2
DA:75,1
DA:76,1
DA:90,2
DA:91,2
DA:93,1
DA:94,1
DA:108,2
DA:109,2
DA:111,1
DA:112,1
DA:126,4
DA:130,4
DA:131,1
DA:135,3
DA:140,3
DA:141,1
DA:145,2
DA:146,2
DA:148,1
DA:149,1
DA:154,1
DA:165,4
DA:169,4
DA:170,1
DA:174,3
DA:176,3
DA:177,1
DA:181,2
DA:182,2
DA:183,1
DA:185,1
DA:186,1
DA:200,1
DA:201,1
DA:203,1
DA:204,2
DA:207,1
DA:218,2
DA:221,2
DA:222,1
DA:233,3
DA:236,3
DA:237,2
DA:246,1
LF:65
LH:65
BRDA:49,0,0,1
BRDA:56,1,0,1
BRDA:130,2,0,1
BRDA:140,3,0,1
BRDA:169,4,0,1
BRDA:176,5,0,1
BRDA:221,6,0,1
BRDA:236,7,0,1
BRF:8
BRH:8
end_of_record
TN:
SF:src/customer/customer.resolver.ts
FN:24,(anonymous_4)
FN:32,(anonymous_5)
FN:43,(anonymous_6)
FN:53,(anonymous_7)
FN:70,(anonymous_8)
FN:31,(anonymous_9)
FN:42,(anonymous_10)
FN:52,(anonymous_11)
FN:69,(anonymous_12)
FN:18,(anonymous_13)
FNF:10
FNH:6
FNDA:6,(anonymous_4)
FNDA:1,(anonymous_5)
FNDA:1,(anonymous_6)
FNDA:2,(anonymous_7)
FNDA:1,(anonymous_8)
FNDA:0,(anonymous_9)
FNDA:0,(anonymous_10)
FNDA:0,(anonymous_11)
FNDA:0,(anonymous_12)
FNDA:2,(anonymous_13)
DA:1,1
DA:9,1
DA:10,1
DA:11,1
DA:12,1
DA:13,1
DA:18,2
DA:19,1
DA:24,6
DA:31,1
DA:35,1
DA:42,1
DA:44,1
DA:52,0
DA:53,1
DA:56,2
DA:57,2
DA:58,1
DA:61,1
DA:69,0
DA:70,1
DA:71,1
LF:22
LH:20
BRDA:57,0,0,1
BRF:1
BRH:1
end_of_record
TN:
SF:src/customer/customer.service.ts
FN:24,(anonymous_4)
FN:38,(anonymous_5)
FN:72,(anonymous_6)
FN:86,(anonymous_7)
FN:106,(anonymous_8)
FN:117,(anonymous_9)
FN:132,(anonymous_10)
FN:27,(anonymous_11)
FNF:8
FNH:8
FNDA:14,(anonymous_4)
FNDA:4,(anonymous_5)
FNDA:2,(anonymous_6)
FNDA:2,(anonymous_7)
FNDA:2,(anonymous_8)
FNDA:2,(anonymous_9)
FNDA:1,(anonymous_10)
FNDA:42,(anonymous_11)
DA:1,4
DA:8,4
DA:9,4
DA:11,4
DA:17,4
DA:26,14
DA:27,42
DA:28,14
DA:30,14
DA:41,4
DA:42,4
DA:43,1
DA:49,3
DA:50,3
DA:52,1
DA:53,1
DA:58,2
DA:59,2
DA:61,1
DA:62,1
DA:73,2
DA:74,2
DA:76,1
DA:77,1
DA:89,2
DA:90,2
DA:92,1
DA:93,1
DA:98,1
DA:107,2
DA:108,2
DA:109,1
DA:120,2
DA:123,2
DA:124,1
DA:133,1
LF:36
LH:36
BRDA:42,0,0,1
BRDA:108,1,0,1
BRDA:123,2,0,1
BRF:3
BRH:3
end_of_record
